FAIL ./paragraphHead.test.js
  Get the heading of the nth paragraph
    ✓ should return first day for paragraph one (3 ms)
    ✓ should return second day for paragraph two
    ✓ should return twelfth day for paragraph twelfth (1 ms)
    ✓ should throw an exception if no argument has been passed (2 ms)
    ✕ should throw an exception if paragraph number is greater than twelve (2 ms)

  ● Get the heading of the nth paragraph › should throw an exception if paragraph number is greater than twelve

    expect(received).toThrow(expected)

    Expected substring: "You must provide a paragraph number between one and twelve."

    Received function did not throw

      17 |   });
      18 |   it('should throw an exception if paragraph number is greater than twelve', () => {
    > 19 |     expect(() => paragraphHead(13)).toThrow('You must provide a paragraph number between one and twelve.');
         |                                     ^
      20 |   });
      21 | });
      22 | 

      at Object.<anonymous> (paragraphHead.test.js:19:37)

Test Suites: 1 failed, 1 total
Tests:       1 failed, 4 passed, 5 total
Snapshots:   0 total
Time:        1.376 s
Ran all test suites.
npm ERR! code ELIFECYCLE
npm ERR! errno 1
npm ERR! @ test: `jest --coverage`
npm ERR! Exit status 1
npm ERR! 
npm ERR! Failed at the @ test script.
npm ERR! This is probably not a problem with npm. There is likely additional logging output above.

npm ERR! A complete log of this run can be found in:
npm ERR!     /home/sandbox/.npm/_logs/2023-05-14T13_01_18_441Z-debug.log
